2025-10-31 23:46:32.976 - LEVEL:INFO - USER_ID:- - NAME:- - USERNAME:- - PHONE:- - MESSAGE:Bot is starting up...
2025-10-31 23:50:47.343 - LEVEL:INFO - USER_ID:- - NAME:- - USERNAME:- - PHONE:- - MESSAGE:Dastur to'xtadi!
2025-10-31 23:51:05.487 - LEVEL:INFO - USER_ID:- - NAME:- - USERNAME:- - PHONE:- - MESSAGE:Bot is starting up...
2025-10-31 23:52:57.196 - LEVEL:INFO - USER_ID:- - NAME:- - USERNAME:- - PHONE:- - MESSAGE:Dastur to'xtadi!
2025-10-31 23:53:05.552 - LEVEL:INFO - USER_ID:- - NAME:- - USERNAME:- - PHONE:- - MESSAGE:Bot is starting up...
2025-10-31 23:54:23.600 - LEVEL:INFO - USER_ID:- - NAME:- - USERNAME:- - PHONE:- - MESSAGE:Dastur to'xtadi!
2025-10-31 23:54:31.140 - LEVEL:INFO - USER_ID:- - NAME:- - USERNAME:- - PHONE:- - MESSAGE:Bot is starting up...
2025-10-31 23:54:33.980 - LEVEL:INFO - USER_ID:7402858899 - NAME:Мухаммаджон - USERNAME:@fbiby - PHONE:- - MESSAGE:Yangi foydalanuvchi botga kirdi.
2025-10-31 23:54:34.369 - LEVEL:INFO - USER_ID:7402858899 - NAME:Мухаммаджон - USERNAME:@fbiby - PHONE:- - MESSAGE:Foydalanuv botni ishga tushurdi.
2025-10-31 23:54:42.721 - LEVEL:INFO - USER_ID:7402858899 - NAME:Мухаммаджон - USERNAME:@fbiby - PHONE:- - MESSAGE:Yangi foydalanuvchi botga kirdi.
2025-10-31 23:54:42.852 - LEVEL:INFO - USER_ID:7402858899 - NAME:Мухаммаджон - USERNAME:@fbiby - PHONE:- - MESSAGE:Foydalanuv botni ishga tushurdi.
2025-10-31 23:56:33.325 - LEVEL:INFO - USER_ID:- - NAME:- - USERNAME:- - PHONE:- - MESSAGE:Dastur to'xtadi!
2025-11-01 00:42:05.109 - LEVEL:INFO - USER_ID:- - NAME:- - USERNAME:- - PHONE:- - MESSAGE:Bot is starting up...
2025-11-01 01:03:35.399 - LEVEL:INFO - USER_ID:- - NAME:- - USERNAME:- - PHONE:- - MESSAGE:Dastur to'xtadi!
2025-11-01 13:33:49.979 - LEVEL:INFO - USER_ID:- - NAME:- - USERNAME:- - PHONE:- - MESSAGE:Bot is starting up...
2025-11-01 13:34:43.438 - LEVEL:INFO - USER_ID:909313177 - NAME:САНЬАТБЕК - USERNAME:None - PHONE:- - MESSAGE:Yangi foydalanuvchi botga kirdi.
2025-11-01 13:34:43.439 - LEVEL:INFO - USER_ID:909313177 - NAME:САНЬАТБЕК - USERNAME:None - PHONE:- - MESSAGE:Foydalanuv botni ishga tushurdi.
2025-11-01 13:34:43.707 - LEVEL:INFO - USER_ID:909313177 - NAME:САНЬАТБЕК - USERNAME:None - PHONE:- - MESSAGE:Yangi foydalanuvchi botga kirdi.
2025-11-01 13:34:43.709 - LEVEL:INFO - USER_ID:909313177 - NAME:САНЬАТБЕК - USERNAME:None - PHONE:- - MESSAGE:Foydalanuv botni ishga tushurdi.
2025-11-01 15:05:57.074 - LEVEL:INFO - USER_ID:- - NAME:- - USERNAME:- - PHONE:- - MESSAGE:Bot is starting up...
2025-11-01 15:08:17.931 - LEVEL:INFO - USER_ID:7402858899 - NAME:Мухаммаджон - USERNAME:@fbiby - PHONE:- - MESSAGE:Yangi foydalanuvchi botga kirdi.
2025-11-01 15:08:17.931 - LEVEL:INFO - USER_ID:7402858899 - NAME:Мухаммаджон - USERNAME:@fbiby - PHONE:- - MESSAGE:Foydalanuv botni ishga tushurdi.
2025-11-01 16:43:43.506 - LEVEL:INFO - USER_ID:- - NAME:- - USERNAME:- - PHONE:- - MESSAGE:Bot is starting up...
2025-11-01 16:45:34.358 - LEVEL:INFO - USER_ID:- - NAME:- - USERNAME:- - PHONE:- - MESSAGE:Dastur to'xtadi!
2025-11-01 16:45:42.045 - LEVEL:INFO - USER_ID:- - NAME:- - USERNAME:- - PHONE:- - MESSAGE:Bot is starting up...
2025-11-01 16:55:56.121 - LEVEL:INFO - USER_ID:- - NAME:- - USERNAME:- - PHONE:- - MESSAGE:Dastur to'xtadi!
2025-11-01 16:56:02.881 - LEVEL:INFO - USER_ID:- - NAME:- - USERNAME:- - PHONE:- - MESSAGE:Bot is starting up...
2025-11-01 16:56:10.617 - LEVEL:INFO - USER_ID:7402858899 - NAME:Мухаммаджон - USERNAME:@fbiby - PHONE:- - MESSAGE:Foydalanuvchi /start berdi.
2025-11-01 17:06:35.690 - LEVEL:INFO - USER_ID:- - NAME:- - USERNAME:- - PHONE:- - MESSAGE:Dastur to'xtadi!
2025-11-01 17:06:47.567 - LEVEL:INFO - USER_ID:- - NAME:- - USERNAME:- - PHONE:- - MESSAGE:Bot is starting up...
2025-11-01 17:09:01.587 - LEVEL:INFO - USER_ID:7402858899 - NAME:Мухаммаджон - USERNAME:@fbiby - PHONE:- - MESSAGE:Kod kiritish so'rovi yuborildi.
2025-11-01 17:09:10.222 - LEVEL:INFO - USER_ID:7402858899 - NAME:Мухаммаджон - USERNAME:@fbiby - PHONE:- - MESSAGE:Topilmadi: kod 6741
2025-11-01 17:09:19.137 - LEVEL:INFO - USER_ID:7402858899 - NAME:Мухаммаджон - USERNAME:@fbiby - PHONE:- - MESSAGE:Topilmadi: kod 6741
2025-11-01 17:11:51.634 - LEVEL:INFO - USER_ID:- - NAME:- - USERNAME:- - PHONE:- - MESSAGE:Dastur to'xtadi!
2025-11-01 17:12:08.574 - LEVEL:INFO - USER_ID:- - NAME:- - USERNAME:- - PHONE:- - MESSAGE:Bot is starting up...
2025-11-01 17:12:16.385 - LEVEL:INFO - USER_ID:7402858899 - NAME:Мухаммаджон - USERNAME:@fbiby - PHONE:- - MESSAGE:Topilmadi: kod 6741
2025-11-01 17:13:51.994 - LEVEL:INFO - USER_ID:- - NAME:- - USERNAME:- - PHONE:- - MESSAGE:Dastur to'xtadi!
2025-11-01 17:13:59.449 - LEVEL:INFO - USER_ID:- - NAME:- - USERNAME:- - PHONE:- - MESSAGE:Bot is starting up...
2025-11-01 17:14:05.909 - LEVEL:INFO - USER_ID:7402858899 - NAME:Мухаммаджон - USERNAME:@fbiby - PHONE:- - MESSAGE:Topilmadi: kod 6741
2025-11-01 17:49:15.979 - LEVEL:INFO - USER_ID:- - NAME:- - USERNAME:- - PHONE:- - MESSAGE:Bot is starting up...
